2019-05-29 14:16:50.886 +08:00 [skywalkingstarting] [Information] SkyApm.InstrumentStartup : Initializing ...
2019-05-29 14:16:50.939 +08:00 [skywalkingstarting] [Information] SkyApm.Service.RegisterService : Loaded instrument service [SkyApm.Service.RegisterService].
2019-05-29 14:16:50.939 +08:00 [skywalkingstarting] [Information] SkyApm.Service.PingService : Loaded instrument service [SkyApm.Service.PingService].
2019-05-29 14:16:50.939 +08:00 [skywalkingstarting] [Information] SkyApm.Service.ServiceDiscoveryV5Service : Loaded instrument service [SkyApm.Service.ServiceDiscoveryV5Service].
2019-05-29 14:16:50.940 +08:00 [skywalkingstarting] [Information] SkyApm.Service.SegmentReportService : Loaded instrument service [SkyApm.Service.SegmentReportService].
2019-05-29 14:16:50.940 +08:00 [skywalkingstarting] [Information] SkyApm.Sampling.SimpleCountSamplingInterceptor : Loaded instrument service [SkyApm.Sampling.SimpleCountSamplingInterceptor].
2019-05-29 14:16:50.940 +08:00 [skywalkingstarting] [Information] SkyApm.Transport.Grpc.V6.ConnectService : Loaded instrument service [SkyApm.Transport.Grpc.V6.ConnectService].
2019-05-29 14:16:50.956 +08:00 [skywalkingstarting] [Information] SkyApm.Diagnostics.TracingDiagnosticProcessorObserver : Loaded diagnostic listener [Microsoft.AspNetCore].
2019-05-29 14:16:50.957 +08:00 [skywalkingstarting] [Information] SkyApm.InstrumentStartup : Started SkyAPM .NET Core Agent.
2019-05-29 14:16:51.128 +08:00 [skywalkingstarting] [Information] SkyApm.Transport.Grpc.ConnectionManager : Connected server[172.17.78.118:11800].
2019-05-29 14:17:20.950 +08:00 [skywalkingstarting] [Information] SkyApm.Service.RegisterService : Registered Service[Id=9].
2019-05-29 14:17:50.947 +08:00 [skywalkingstarting] [Information] SkyApm.Service.RegisterService : Registered ServiceInstance[Id=23].
2019-05-29 14:18:20.962 +08:00 [skywalkingstarting] [Information] SkyApm.Service.PingService : Ping server @2019/5/29 6:18:20 +00:00
2019-05-29 14:19:20.952 +08:00 [skywalkingstarting] [Information] SkyApm.Service.PingService : Ping server @2019/5/29 6:19:20 +00:00
2019-05-29 14:20:20.963 +08:00 [skywalkingstarting] [Information] SkyApm.Service.PingService : Ping server @2019/5/29 6:20:20 +00:00
2019-05-29 14:21:20.945 +08:00 [skywalkingstarting] [Information] SkyApm.Service.PingService : Ping server @2019/5/29 6:21:20 +00:00
2019-05-29 14:22:20.956 +08:00 [skywalkingstarting] [Information] SkyApm.Service.PingService : Ping server @2019/5/29 6:22:20 +00:00
2019-05-29 14:23:46.885 +08:00 [skywalkingstarting] [Information] SkyApm.InstrumentStartup : Initializing ...
2019-05-29 14:23:46.913 +08:00 [skywalkingstarting] [Information] SkyApm.Service.RegisterService : Loaded instrument service [SkyApm.Service.RegisterService].
2019-05-29 14:23:46.913 +08:00 [skywalkingstarting] [Information] SkyApm.Service.PingService : Loaded instrument service [SkyApm.Service.PingService].
2019-05-29 14:23:46.913 +08:00 [skywalkingstarting] [Information] SkyApm.Service.ServiceDiscoveryV5Service : Loaded instrument service [SkyApm.Service.ServiceDiscoveryV5Service].
2019-05-29 14:23:46.913 +08:00 [skywalkingstarting] [Information] SkyApm.Service.SegmentReportService : Loaded instrument service [SkyApm.Service.SegmentReportService].
2019-05-29 14:23:46.913 +08:00 [skywalkingstarting] [Information] SkyApm.Sampling.SimpleCountSamplingInterceptor : Loaded instrument service [SkyApm.Sampling.SimpleCountSamplingInterceptor].
2019-05-29 14:23:46.914 +08:00 [skywalkingstarting] [Information] SkyApm.Transport.Grpc.V6.ConnectService : Loaded instrument service [SkyApm.Transport.Grpc.V6.ConnectService].
2019-05-29 14:23:46.927 +08:00 [skywalkingstarting] [Information] SkyApm.Diagnostics.TracingDiagnosticProcessorObserver : Loaded diagnostic listener [Microsoft.AspNetCore].
2019-05-29 14:23:46.927 +08:00 [skywalkingstarting] [Information] SkyApm.InstrumentStartup : Started SkyAPM .NET Core Agent.
2019-05-29 14:23:47.063 +08:00 [skywalkingstarting] [Information] SkyApm.Transport.Grpc.ConnectionManager : Connected server[172.17.78.118:11800].
2019-05-29 14:23:47.508 +08:00 [skywalkingstarting] [Information] SkyApm.Service.RegisterService : Registered Service[Id=9].
2019-05-29 14:23:48.063 +08:00 [skywalkingstarting] [Information] SkyApm.Service.RegisterService : Registered ServiceInstance[Id=24].
2019-05-29 14:23:49.990 +08:00 [skywalkingstarting] [Information] SkyApm.Transport.Grpc.V6.SegmentReporter : Report 1 trace segment. cost: 00:00:00.0679061s
2019-05-29 14:24:16.608 +08:00 [skywalkingstarting] [Information] SkyApm.InstrumentStartup : Initializing ...
2019-05-29 14:24:16.633 +08:00 [skywalkingstarting] [Information] SkyApm.Service.RegisterService : Loaded instrument service [SkyApm.Service.RegisterService].
2019-05-29 14:24:16.633 +08:00 [skywalkingstarting] [Information] SkyApm.Service.PingService : Loaded instrument service [SkyApm.Service.PingService].
2019-05-29 14:24:16.634 +08:00 [skywalkingstarting] [Information] SkyApm.Service.ServiceDiscoveryV5Service : Loaded instrument service [SkyApm.Service.ServiceDiscoveryV5Service].
2019-05-29 14:24:16.634 +08:00 [skywalkingstarting] [Information] SkyApm.Service.SegmentReportService : Loaded instrument service [SkyApm.Service.SegmentReportService].
2019-05-29 14:24:16.634 +08:00 [skywalkingstarting] [Information] SkyApm.Sampling.SimpleCountSamplingInterceptor : Loaded instrument service [SkyApm.Sampling.SimpleCountSamplingInterceptor].
2019-05-29 14:24:16.634 +08:00 [skywalkingstarting] [Information] SkyApm.Transport.Grpc.V6.ConnectService : Loaded instrument service [SkyApm.Transport.Grpc.V6.ConnectService].
2019-05-29 14:24:16.647 +08:00 [skywalkingstarting] [Information] SkyApm.Diagnostics.TracingDiagnosticProcessorObserver : Loaded diagnostic listener [Microsoft.AspNetCore].
2019-05-29 14:24:16.647 +08:00 [skywalkingstarting] [Information] SkyApm.InstrumentStartup : Started SkyAPM .NET Core Agent.
2019-05-29 14:24:16.774 +08:00 [skywalkingstarting] [Information] SkyApm.Transport.Grpc.ConnectionManager : Connected server[172.17.78.118:11800].
2019-05-29 14:24:17.301 +08:00 [skywalkingstarting] [Information] SkyApm.Service.RegisterService : Registered Service[Id=9].
2019-05-29 14:24:17.874 +08:00 [skywalkingstarting] [Information] SkyApm.Service.RegisterService : Registered ServiceInstance[Id=27].
2019-05-29 14:24:25.720 +08:00 [skywalkingstarting] [Information] SkyApm.Transport.Grpc.V6.SegmentReporter : Report 2 trace segment. cost: 00:00:00.0785062s
2019-05-29 14:24:52.533 +08:00 [skywalkingstarting] [Information] SkyApm.InstrumentStartup : Initializing ...
2019-05-29 14:24:52.557 +08:00 [skywalkingstarting] [Information] SkyApm.Service.RegisterService : Loaded instrument service [SkyApm.Service.RegisterService].
2019-05-29 14:24:52.557 +08:00 [skywalkingstarting] [Information] SkyApm.Service.PingService : Loaded instrument service [SkyApm.Service.PingService].
2019-05-29 14:24:52.558 +08:00 [skywalkingstarting] [Information] SkyApm.Service.ServiceDiscoveryV5Service : Loaded instrument service [SkyApm.Service.ServiceDiscoveryV5Service].
2019-05-29 14:24:52.558 +08:00 [skywalkingstarting] [Information] SkyApm.Service.SegmentReportService : Loaded instrument service [SkyApm.Service.SegmentReportService].
2019-05-29 14:24:52.558 +08:00 [skywalkingstarting] [Information] SkyApm.Sampling.SimpleCountSamplingInterceptor : Loaded instrument service [SkyApm.Sampling.SimpleCountSamplingInterceptor].
2019-05-29 14:24:52.558 +08:00 [skywalkingstarting] [Information] SkyApm.Transport.Grpc.V6.ConnectService : Loaded instrument service [SkyApm.Transport.Grpc.V6.ConnectService].
2019-05-29 14:24:52.571 +08:00 [skywalkingstarting] [Information] SkyApm.Diagnostics.TracingDiagnosticProcessorObserver : Loaded diagnostic listener [Microsoft.AspNetCore].
2019-05-29 14:24:52.572 +08:00 [skywalkingstarting] [Information] SkyApm.InstrumentStartup : Started SkyAPM .NET Core Agent.
2019-05-29 14:24:52.711 +08:00 [skywalkingstarting] [Information] SkyApm.Transport.Grpc.ConnectionManager : Connected server[172.17.78.118:11800].
2019-05-29 14:24:53.160 +08:00 [skywalkingstarting] [Information] SkyApm.Service.RegisterService : Registered Service[Id=9].
2019-05-29 14:24:53.707 +08:00 [skywalkingstarting] [Information] SkyApm.Service.RegisterService : Registered ServiceInstance[Id=28].
2019-05-29 14:24:55.635 +08:00 [skywalkingstarting] [Information] SkyApm.Transport.Grpc.V6.SegmentReporter : Report 1 trace segment. cost: 00:00:00.0687041s
2019-05-29 14:25:01.567 +08:00 [skywalkingstarting] [Information] SkyApm.Transport.Grpc.V6.SegmentReporter : Report 3 trace segment. cost: 00:00:00.0145380s
2019-05-29 14:25:16.611 +08:00 [skywalkingstarting] [Information] SkyApm.Transport.Grpc.V6.SegmentReporter : Report 2 trace segment. cost: 00:00:00.0480804s
2019-05-29 14:25:19.559 +08:00 [skywalkingstarting] [Information] SkyApm.Transport.Grpc.V6.SegmentReporter : Report 2 trace segment. cost: 00:00:00.0061384s
2019-05-29 14:25:22.606 +08:00 [skywalkingstarting] [Information] SkyApm.Service.PingService : Ping server @2019/5/29 6:25:22 +00:00
2019-05-29 14:26:22.585 +08:00 [skywalkingstarting] [Information] SkyApm.Service.PingService : Ping server @2019/5/29 6:26:22 +00:00
2019-05-29 14:27:22.594 +08:00 [skywalkingstarting] [Information] SkyApm.Service.PingService : Ping server @2019/5/29 6:27:22 +00:00
2019-05-29 14:28:22.607 +08:00 [skywalkingstarting] [Information] SkyApm.Service.PingService : Ping server @2019/5/29 6:28:22 +00:00
2019-05-29 14:28:22.611 +08:00 [skywalkingstarting] [Information] SkyApm.Transport.Grpc.V6.SegmentReporter : Report 2 trace segment. cost: 00:00:00.0508073s
2019-05-29 14:29:22.587 +08:00 [skywalkingstarting] [Information] SkyApm.Service.PingService : Ping server @2019/5/29 6:29:22 +00:00
2019-05-29 14:30:22.578 +08:00 [skywalkingstarting] [Information] SkyApm.Service.PingService : Ping server @2019/5/29 6:30:22 +00:00
2019-05-29 14:31:16.570 +08:00 [skywalkingstarting] [Information] SkyApm.Transport.Grpc.V6.SegmentReporter : Report 1 trace segment. cost: 00:00:00.0101530s
2019-05-29 14:31:22.583 +08:00 [skywalkingstarting] [Information] SkyApm.Service.PingService : Ping server @2019/5/29 6:31:22 +00:00
2019-05-29 14:32:16.571 +08:00 [skywalkingstarting] [Information] SkyApm.Transport.Grpc.V6.SegmentReporter : Report 1 trace segment. cost: 00:00:00.0050252s
2019-05-29 14:32:22.567 +08:00 [skywalkingstarting] [Information] SkyApm.Service.PingService : Ping server @2019/5/29 6:32:22 +00:00
2019-05-29 14:32:58.572 +08:00 [skywalkingstarting] [Information] SkyApm.Transport.Grpc.V6.SegmentReporter : Report 2 trace segment. cost: 00:00:00.0064995s
2019-05-29 14:33:22.576 +08:00 [skywalkingstarting] [Information] SkyApm.Service.PingService : Ping server @2019/5/29 6:33:22 +00:00
2019-05-29 14:34:22.573 +08:00 [skywalkingstarting] [Information] SkyApm.Service.PingService : Ping server @2019/5/29 6:34:22 +00:00
2019-05-29 14:35:22.590 +08:00 [skywalkingstarting] [Information] SkyApm.Service.PingService : Ping server @2019/5/29 6:35:22 +00:00
2019-05-29 14:36:22.565 +08:00 [skywalkingstarting] [Information] SkyApm.Service.PingService : Ping server @2019/5/29 6:36:22 +00:00
2019-05-29 14:37:22.573 +08:00 [skywalkingstarting] [Information] SkyApm.Service.PingService : Ping server @2019/5/29 6:37:22 +00:00
2019-05-29 15:04:12.883 +08:00 [skywalkingstarting] [Information] SkyApm.InstrumentStartup : Initializing ...
2019-05-29 15:04:12.924 +08:00 [skywalkingstarting] [Information] SkyApm.Service.RegisterService : Loaded instrument service [SkyApm.Service.RegisterService].
2019-05-29 15:04:12.925 +08:00 [skywalkingstarting] [Information] SkyApm.Service.PingService : Loaded instrument service [SkyApm.Service.PingService].
2019-05-29 15:04:12.925 +08:00 [skywalkingstarting] [Information] SkyApm.Service.ServiceDiscoveryV5Service : Loaded instrument service [SkyApm.Service.ServiceDiscoveryV5Service].
2019-05-29 15:04:12.925 +08:00 [skywalkingstarting] [Information] SkyApm.Service.SegmentReportService : Loaded instrument service [SkyApm.Service.SegmentReportService].
2019-05-29 15:04:12.925 +08:00 [skywalkingstarting] [Information] SkyApm.Sampling.SimpleCountSamplingInterceptor : Loaded instrument service [SkyApm.Sampling.SimpleCountSamplingInterceptor].
2019-05-29 15:04:12.926 +08:00 [skywalkingstarting] [Information] SkyApm.Transport.Grpc.V6.ConnectService : Loaded instrument service [SkyApm.Transport.Grpc.V6.ConnectService].
2019-05-29 15:04:12.940 +08:00 [skywalkingstarting] [Information] SkyApm.Diagnostics.TracingDiagnosticProcessorObserver : Loaded diagnostic listener [Microsoft.AspNetCore].
2019-05-29 15:04:12.940 +08:00 [skywalkingstarting] [Information] SkyApm.InstrumentStartup : Started SkyAPM .NET Core Agent.
2019-05-29 15:04:13.092 +08:00 [skywalkingstarting] [Information] SkyApm.Transport.Grpc.ConnectionManager : Connected server[172.17.78.118:11800].
2019-05-29 15:04:13.527 +08:00 [skywalkingstarting] [Information] SkyApm.Service.RegisterService : Registered Service[Id=9].
2019-05-29 15:04:14.082 +08:00 [skywalkingstarting] [Information] SkyApm.Service.RegisterService : Registered ServiceInstance[Id=32].
2019-05-29 15:04:19.014 +08:00 [skywalkingstarting] [Information] SkyApm.Transport.Grpc.V6.SegmentReporter : Report 1 trace segment. cost: 00:00:00.0717248s
2019-05-29 15:04:22.985 +08:00 [skywalkingstarting] [Information] SkyApm.Service.RegisterService : Stopped instrument service RegisterService.
2019-05-29 15:04:22.985 +08:00 [skywalkingstarting] [Information] SkyApm.Service.PingService : Stopped instrument service PingService.
2019-05-29 15:04:22.985 +08:00 [skywalkingstarting] [Information] SkyApm.Service.ServiceDiscoveryV5Service : Stopped instrument service ServiceDiscoveryV5Service.
2019-05-29 15:04:22.985 +08:00 [skywalkingstarting] [Information] SkyApm.Service.SegmentReportService : Stopped instrument service SegmentReportService.
2019-05-29 15:04:22.985 +08:00 [skywalkingstarting] [Information] SkyApm.Sampling.SimpleCountSamplingInterceptor : Stopped instrument service SimpleCountSamplingInterceptor.
2019-05-29 15:04:22.986 +08:00 [skywalkingstarting] [Information] SkyApm.Transport.Grpc.V6.ConnectService : Stopped instrument service ConnectService.
2019-05-29 15:04:22.986 +08:00 [skywalkingstarting] [Information] SkyApm.InstrumentStartup : Stopped SkyAPM .NET Core Agent.
2019-05-29 15:05:40.179 +08:00 [skywalkingstarting] [Information] SkyApm.InstrumentStartup : Initializing ...
2019-05-29 15:05:40.207 +08:00 [skywalkingstarting] [Information] SkyApm.Service.RegisterService : Loaded instrument service [SkyApm.Service.RegisterService].
2019-05-29 15:05:40.207 +08:00 [skywalkingstarting] [Information] SkyApm.Service.PingService : Loaded instrument service [SkyApm.Service.PingService].
2019-05-29 15:05:40.208 +08:00 [skywalkingstarting] [Information] SkyApm.Service.ServiceDiscoveryV5Service : Loaded instrument service [SkyApm.Service.ServiceDiscoveryV5Service].
2019-05-29 15:05:40.208 +08:00 [skywalkingstarting] [Information] SkyApm.Service.SegmentReportService : Loaded instrument service [SkyApm.Service.SegmentReportService].
2019-05-29 15:05:40.208 +08:00 [skywalkingstarting] [Information] SkyApm.Sampling.SimpleCountSamplingInterceptor : Loaded instrument service [SkyApm.Sampling.SimpleCountSamplingInterceptor].
2019-05-29 15:05:40.208 +08:00 [skywalkingstarting] [Information] SkyApm.Transport.Grpc.V6.ConnectService : Loaded instrument service [SkyApm.Transport.Grpc.V6.ConnectService].
2019-05-29 15:05:40.221 +08:00 [skywalkingstarting] [Information] SkyApm.Diagnostics.TracingDiagnosticProcessorObserver : Loaded diagnostic listener [Microsoft.AspNetCore].
2019-05-29 15:05:40.222 +08:00 [skywalkingstarting] [Information] SkyApm.InstrumentStartup : Started SkyAPM .NET Core Agent.
2019-05-29 15:05:40.357 +08:00 [skywalkingstarting] [Information] SkyApm.Transport.Grpc.ConnectionManager : Connected server[172.17.78.118:11800].
2019-05-29 15:05:40.810 +08:00 [skywalkingstarting] [Information] SkyApm.Service.RegisterService : Registered Service[Id=9].
2019-05-29 15:05:41.865 +08:00 [skywalkingstarting] [Information] SkyApm.Service.RegisterService : Registered ServiceInstance[Id=33].
2019-05-29 15:05:46.290 +08:00 [skywalkingstarting] [Information] SkyApm.Transport.Grpc.V6.SegmentReporter : Report 2 trace segment. cost: 00:00:00.0702808s
2019-05-29 15:06:10.261 +08:00 [skywalkingstarting] [Information] SkyApm.Service.PingService : Ping server @2019/5/29 7:06:10 +00:00
2019-05-29 15:06:13.265 +08:00 [skywalkingstarting] [Information] SkyApm.Transport.Grpc.V6.SegmentReporter : Report 1 trace segment. cost: 00:00:00.0459487s
2019-05-29 15:06:16.253 +08:00 [skywalkingstarting] [Information] SkyApm.Transport.Grpc.V6.SegmentReporter : Report 6 trace segment. cost: 00:00:00.0348661s
2019-05-29 15:07:10.237 +08:00 [skywalkingstarting] [Information] SkyApm.Service.PingService : Ping server @2019/5/29 7:07:10 +00:00
2019-05-29 15:08:10.226 +08:00 [skywalkingstarting] [Information] SkyApm.Service.PingService : Ping server @2019/5/29 7:08:10 +00:00
2019-05-29 15:09:10.220 +08:00 [skywalkingstarting] [Information] SkyApm.Service.PingService : Ping server @2019/5/29 7:09:10 +00:00
2019-05-29 15:10:10.235 +08:00 [skywalkingstarting] [Information] SkyApm.Service.PingService : Ping server @2019/5/29 7:10:10 +00:00
2019-05-29 15:11:10.216 +08:00 [skywalkingstarting] [Information] SkyApm.Service.PingService : Ping server @2019/5/29 7:11:10 +00:00
2019-05-29 15:12:10.218 +08:00 [skywalkingstarting] [Information] SkyApm.Service.PingService : Ping server @2019/5/29 7:12:10 +00:00
2019-05-29 15:13:10.233 +08:00 [skywalkingstarting] [Information] SkyApm.Service.PingService : Ping server @2019/5/29 7:13:10 +00:00
2019-05-29 15:14:10.230 +08:00 [skywalkingstarting] [Information] SkyApm.Service.PingService : Ping server @2019/5/29 7:14:10 +00:00
2019-05-29 15:15:10.231 +08:00 [skywalkingstarting] [Information] SkyApm.Service.PingService : Ping server @2019/5/29 7:15:10 +00:00
2019-05-29 15:16:10.227 +08:00 [skywalkingstarting] [Information] SkyApm.Service.PingService : Ping server @2019/5/29 7:16:10 +00:00
2019-05-29 15:17:10.228 +08:00 [skywalkingstarting] [Information] SkyApm.Service.PingService : Ping server @2019/5/29 7:17:10 +00:00
2019-05-29 15:18:10.234 +08:00 [skywalkingstarting] [Information] SkyApm.Service.PingService : Ping server @2019/5/29 7:18:10 +00:00
2019-05-29 15:19:10.260 +08:00 [skywalkingstarting] [Information] SkyApm.Service.PingService : Ping server @2019/5/29 7:19:10 +00:00
2019-05-29 15:20:10.249 +08:00 [skywalkingstarting] [Information] SkyApm.Service.PingService : Ping server @2019/5/29 7:20:10 +00:00
2019-05-29 15:21:10.208 +08:00 [skywalkingstarting] [Information] SkyApm.Service.PingService : Ping server @2019/5/29 7:21:10 +00:00
2019-05-29 15:22:10.231 +08:00 [skywalkingstarting] [Information] SkyApm.Service.PingService : Ping server @2019/5/29 7:22:10 +00:00
2019-05-29 15:23:10.220 +08:00 [skywalkingstarting] [Information] SkyApm.Service.PingService : Ping server @2019/5/29 7:23:10 +00:00
2019-05-29 15:24:10.237 +08:00 [skywalkingstarting] [Information] SkyApm.Service.PingService : Ping server @2019/5/29 7:24:10 +00:00
2019-05-29 15:25:10.240 +08:00 [skywalkingstarting] [Information] SkyApm.Service.PingService : Ping server @2019/5/29 7:25:10 +00:00
2019-05-29 15:26:10.217 +08:00 [skywalkingstarting] [Information] SkyApm.Service.PingService : Ping server @2019/5/29 7:26:10 +00:00
2019-05-29 15:27:10.215 +08:00 [skywalkingstarting] [Information] SkyApm.Service.PingService : Ping server @2019/5/29 7:27:10 +00:00
2019-05-29 15:28:10.230 +08:00 [skywalkingstarting] [Information] SkyApm.Service.PingService : Ping server @2019/5/29 7:28:10 +00:00
2019-05-29 15:29:10.235 +08:00 [skywalkingstarting] [Information] SkyApm.Service.PingService : Ping server @2019/5/29 7:29:10 +00:00
2019-05-29 15:30:10.243 +08:00 [skywalkingstarting] [Information] SkyApm.Service.PingService : Ping server @2019/5/29 7:30:10 +00:00
2019-05-29 15:31:10.259 +08:00 [skywalkingstarting] [Information] SkyApm.Service.PingService : Ping server @2019/5/29 7:31:10 +00:00
2019-05-29 15:32:10.231 +08:00 [skywalkingstarting] [Information] SkyApm.Service.PingService : Ping server @2019/5/29 7:32:10 +00:00
2019-05-29 15:33:10.240 +08:00 [skywalkingstarting] [Information] SkyApm.Service.PingService : Ping server @2019/5/29 7:33:10 +00:00
2019-05-29 15:34:10.229 +08:00 [skywalkingstarting] [Information] SkyApm.Service.PingService : Ping server @2019/5/29 7:34:10 +00:00
2019-05-29 15:35:10.224 +08:00 [skywalkingstarting] [Information] SkyApm.Service.PingService : Ping server @2019/5/29 7:35:10 +00:00
2019-05-29 15:36:10.212 +08:00 [skywalkingstarting] [Information] SkyApm.Service.PingService : Ping server @2019/5/29 7:36:10 +00:00
2019-05-29 15:37:10.249 +08:00 [skywalkingstarting] [Information] SkyApm.Service.PingService : Ping server @2019/5/29 7:37:10 +00:00
2019-05-29 15:38:10.241 +08:00 [skywalkingstarting] [Information] SkyApm.Service.PingService : Ping server @2019/5/29 7:38:10 +00:00
2019-05-29 15:39:10.242 +08:00 [skywalkingstarting] [Information] SkyApm.Service.PingService : Ping server @2019/5/29 7:39:10 +00:00
2019-05-29 15:40:10.223 +08:00 [skywalkingstarting] [Information] SkyApm.Service.PingService : Ping server @2019/5/29 7:40:10 +00:00
2019-05-29 15:41:10.236 +08:00 [skywalkingstarting] [Information] SkyApm.Service.PingService : Ping server @2019/5/29 7:41:10 +00:00
2019-05-29 15:42:10.232 +08:00 [skywalkingstarting] [Information] SkyApm.Service.PingService : Ping server @2019/5/29 7:42:10 +00:00
2019-05-29 15:43:10.228 +08:00 [skywalkingstarting] [Information] SkyApm.Service.PingService : Ping server @2019/5/29 7:43:10 +00:00
2019-05-29 15:44:10.218 +08:00 [skywalkingstarting] [Information] SkyApm.Service.PingService : Ping server @2019/5/29 7:44:10 +00:00
2019-05-29 15:45:10.240 +08:00 [skywalkingstarting] [Information] SkyApm.Service.PingService : Ping server @2019/5/29 7:45:10 +00:00
2019-05-29 15:46:10.231 +08:00 [skywalkingstarting] [Information] SkyApm.Service.PingService : Ping server @2019/5/29 7:46:10 +00:00
2019-05-29 15:47:10.228 +08:00 [skywalkingstarting] [Information] SkyApm.Service.PingService : Ping server @2019/5/29 7:47:10 +00:00
2019-05-29 15:48:10.226 +08:00 [skywalkingstarting] [Information] SkyApm.Service.PingService : Ping server @2019/5/29 7:48:10 +00:00
2019-05-29 15:49:10.230 +08:00 [skywalkingstarting] [Information] SkyApm.Service.PingService : Ping server @2019/5/29 7:49:10 +00:00
2019-05-29 15:50:10.228 +08:00 [skywalkingstarting] [Information] SkyApm.Service.PingService : Ping server @2019/5/29 7:50:10 +00:00
2019-05-29 15:51:10.235 +08:00 [skywalkingstarting] [Information] SkyApm.Service.PingService : Ping server @2019/5/29 7:51:10 +00:00
2019-05-29 15:52:10.221 +08:00 [skywalkingstarting] [Information] SkyApm.Service.PingService : Ping server @2019/5/29 7:52:10 +00:00
2019-05-29 15:53:10.234 +08:00 [skywalkingstarting] [Information] SkyApm.Service.PingService : Ping server @2019/5/29 7:53:10 +00:00
2019-05-29 15:54:10.223 +08:00 [skywalkingstarting] [Information] SkyApm.Service.PingService : Ping server @2019/5/29 7:54:10 +00:00
2019-05-29 15:55:10.222 +08:00 [skywalkingstarting] [Information] SkyApm.Service.PingService : Ping server @2019/5/29 7:55:10 +00:00
2019-05-29 15:56:10.228 +08:00 [skywalkingstarting] [Information] SkyApm.Service.PingService : Ping server @2019/5/29 7:56:10 +00:00
2019-05-29 15:57:10.223 +08:00 [skywalkingstarting] [Information] SkyApm.Service.PingService : Ping server @2019/5/29 7:57:10 +00:00
2019-05-29 15:58:10.231 +08:00 [skywalkingstarting] [Information] SkyApm.Service.PingService : Ping server @2019/5/29 7:58:10 +00:00
2019-05-29 15:59:10.211 +08:00 [skywalkingstarting] [Information] SkyApm.Service.PingService : Ping server @2019/5/29 7:59:10 +00:00
2019-05-29 16:00:10.222 +08:00 [skywalkingstarting] [Information] SkyApm.Service.PingService : Ping server @2019/5/29 8:00:10 +00:00
2019-05-29 16:01:10.228 +08:00 [skywalkingstarting] [Information] SkyApm.Service.PingService : Ping server @2019/5/29 8:01:10 +00:00
2019-05-29 16:02:10.226 +08:00 [skywalkingstarting] [Information] SkyApm.Service.PingService : Ping server @2019/5/29 8:02:10 +00:00
2019-05-29 16:03:10.219 +08:00 [skywalkingstarting] [Information] SkyApm.Service.PingService : Ping server @2019/5/29 8:03:10 +00:00
2019-05-29 16:04:10.221 +08:00 [skywalkingstarting] [Information] SkyApm.Service.PingService : Ping server @2019/5/29 8:04:10 +00:00
2019-05-29 16:05:10.216 +08:00 [skywalkingstarting] [Information] SkyApm.Service.PingService : Ping server @2019/5/29 8:05:10 +00:00
2019-05-29 16:06:10.222 +08:00 [skywalkingstarting] [Information] SkyApm.Service.PingService : Ping server @2019/5/29 8:06:10 +00:00
2019-05-29 16:07:10.217 +08:00 [skywalkingstarting] [Information] SkyApm.Service.PingService : Ping server @2019/5/29 8:07:10 +00:00
2019-05-29 16:08:10.233 +08:00 [skywalkingstarting] [Information] SkyApm.Service.PingService : Ping server @2019/5/29 8:08:10 +00:00
2019-05-29 16:09:10.223 +08:00 [skywalkingstarting] [Information] SkyApm.Service.PingService : Ping server @2019/5/29 8:09:10 +00:00
2019-05-29 16:10:10.221 +08:00 [skywalkingstarting] [Information] SkyApm.Service.PingService : Ping server @2019/5/29 8:10:10 +00:00
2019-05-29 16:11:10.220 +08:00 [skywalkingstarting] [Information] SkyApm.Service.PingService : Ping server @2019/5/29 8:11:10 +00:00
2019-05-29 16:12:10.227 +08:00 [skywalkingstarting] [Information] SkyApm.Service.PingService : Ping server @2019/5/29 8:12:10 +00:00
2019-05-29 16:13:10.221 +08:00 [skywalkingstarting] [Information] SkyApm.Service.PingService : Ping server @2019/5/29 8:13:10 +00:00
2019-05-29 16:14:10.230 +08:00 [skywalkingstarting] [Information] SkyApm.Service.PingService : Ping server @2019/5/29 8:14:10 +00:00
2019-05-29 16:15:10.219 +08:00 [skywalkingstarting] [Information] SkyApm.Service.PingService : Ping server @2019/5/29 8:15:10 +00:00
2019-05-29 16:16:10.232 +08:00 [skywalkingstarting] [Information] SkyApm.Service.PingService : Ping server @2019/5/29 8:16:10 +00:00
2019-05-29 16:17:10.273 +08:00 [skywalkingstarting] [Information] SkyApm.Service.PingService : Ping server @2019/5/29 8:17:10 +00:00
2019-05-29 16:18:10.227 +08:00 [skywalkingstarting] [Information] SkyApm.Service.PingService : Ping server @2019/5/29 8:18:10 +00:00
2019-05-29 16:19:10.215 +08:00 [skywalkingstarting] [Information] SkyApm.Service.PingService : Ping server @2019/5/29 8:19:10 +00:00
2019-05-29 16:20:10.232 +08:00 [skywalkingstarting] [Information] SkyApm.Service.PingService : Ping server @2019/5/29 8:20:10 +00:00
2019-05-29 16:21:10.233 +08:00 [skywalkingstarting] [Information] SkyApm.Service.PingService : Ping server @2019/5/29 8:21:10 +00:00
2019-05-29 16:22:10.235 +08:00 [skywalkingstarting] [Information] SkyApm.Service.PingService : Ping server @2019/5/29 8:22:10 +00:00
2019-05-29 16:23:10.209 +08:00 [skywalkingstarting] [Information] SkyApm.Service.PingService : Ping server @2019/5/29 8:23:10 +00:00
2019-05-29 16:24:10.221 +08:00 [skywalkingstarting] [Information] SkyApm.Service.PingService : Ping server @2019/5/29 8:24:10 +00:00
2019-05-29 16:25:10.221 +08:00 [skywalkingstarting] [Information] SkyApm.Service.PingService : Ping server @2019/5/29 8:25:10 +00:00
2019-05-29 16:26:10.219 +08:00 [skywalkingstarting] [Information] SkyApm.Service.PingService : Ping server @2019/5/29 8:26:10 +00:00
2019-05-29 16:27:10.242 +08:00 [skywalkingstarting] [Information] SkyApm.Service.PingService : Ping server @2019/5/29 8:27:10 +00:00
2019-05-29 16:28:10.225 +08:00 [skywalkingstarting] [Information] SkyApm.Service.PingService : Ping server @2019/5/29 8:28:10 +00:00
2019-05-29 16:29:10.231 +08:00 [skywalkingstarting] [Information] SkyApm.Service.PingService : Ping server @2019/5/29 8:29:10 +00:00
2019-05-29 16:30:10.231 +08:00 [skywalkingstarting] [Information] SkyApm.Service.PingService : Ping server @2019/5/29 8:30:10 +00:00
2019-05-29 16:31:10.231 +08:00 [skywalkingstarting] [Information] SkyApm.Service.PingService : Ping server @2019/5/29 8:31:10 +00:00
2019-05-29 16:32:10.221 +08:00 [skywalkingstarting] [Information] SkyApm.Service.PingService : Ping server @2019/5/29 8:32:10 +00:00
2019-05-29 16:33:10.234 +08:00 [skywalkingstarting] [Information] SkyApm.Service.PingService : Ping server @2019/5/29 8:33:10 +00:00
2019-05-29 16:34:10.219 +08:00 [skywalkingstarting] [Information] SkyApm.Service.PingService : Ping server @2019/5/29 8:34:10 +00:00
2019-05-29 16:35:10.229 +08:00 [skywalkingstarting] [Information] SkyApm.Service.PingService : Ping server @2019/5/29 8:35:10 +00:00
2019-05-29 16:36:10.223 +08:00 [skywalkingstarting] [Information] SkyApm.Service.PingService : Ping server @2019/5/29 8:36:10 +00:00
2019-05-29 16:37:10.218 +08:00 [skywalkingstarting] [Information] SkyApm.Service.PingService : Ping server @2019/5/29 8:37:10 +00:00
2019-05-29 16:38:10.244 +08:00 [skywalkingstarting] [Information] SkyApm.Service.PingService : Ping server @2019/5/29 8:38:10 +00:00
2019-05-29 16:39:10.232 +08:00 [skywalkingstarting] [Information] SkyApm.Service.PingService : Ping server @2019/5/29 8:39:10 +00:00
2019-05-29 16:40:10.225 +08:00 [skywalkingstarting] [Information] SkyApm.Service.PingService : Ping server @2019/5/29 8:40:10 +00:00
2019-05-29 16:41:10.220 +08:00 [skywalkingstarting] [Information] SkyApm.Service.PingService : Ping server @2019/5/29 8:41:10 +00:00
2019-05-29 16:42:10.221 +08:00 [skywalkingstarting] [Information] SkyApm.Service.PingService : Ping server @2019/5/29 8:42:10 +00:00
2019-05-29 16:43:10.214 +08:00 [skywalkingstarting] [Information] SkyApm.Service.PingService : Ping server @2019/5/29 8:43:10 +00:00
2019-05-29 16:44:10.219 +08:00 [skywalkingstarting] [Information] SkyApm.Service.PingService : Ping server @2019/5/29 8:44:10 +00:00
2019-05-29 16:45:10.229 +08:00 [skywalkingstarting] [Information] SkyApm.Service.PingService : Ping server @2019/5/29 8:45:10 +00:00
2019-05-29 16:46:10.225 +08:00 [skywalkingstarting] [Information] SkyApm.Service.PingService : Ping server @2019/5/29 8:46:10 +00:00
2019-05-29 16:47:10.245 +08:00 [skywalkingstarting] [Information] SkyApm.Service.PingService : Ping server @2019/5/29 8:47:10 +00:00
2019-05-29 16:48:10.236 +08:00 [skywalkingstarting] [Information] SkyApm.Service.PingService : Ping server @2019/5/29 8:48:10 +00:00
2019-05-29 16:49:10.228 +08:00 [skywalkingstarting] [Information] SkyApm.Service.PingService : Ping server @2019/5/29 8:49:10 +00:00
2019-05-29 16:50:10.228 +08:00 [skywalkingstarting] [Information] SkyApm.Service.PingService : Ping server @2019/5/29 8:50:10 +00:00
2019-05-29 16:51:10.237 +08:00 [skywalkingstarting] [Information] SkyApm.Service.PingService : Ping server @2019/5/29 8:51:10 +00:00
2019-05-29 16:52:10.212 +08:00 [skywalkingstarting] [Information] SkyApm.Service.PingService : Ping server @2019/5/29 8:52:10 +00:00
2019-05-29 16:53:10.231 +08:00 [skywalkingstarting] [Information] SkyApm.Service.PingService : Ping server @2019/5/29 8:53:10 +00:00
2019-05-29 16:54:10.209 +08:00 [skywalkingstarting] [Information] SkyApm.Service.PingService : Ping server @2019/5/29 8:54:10 +00:00
2019-05-29 16:55:10.229 +08:00 [skywalkingstarting] [Information] SkyApm.Service.PingService : Ping server @2019/5/29 8:55:10 +00:00
2019-05-29 16:56:10.235 +08:00 [skywalkingstarting] [Information] SkyApm.Service.PingService : Ping server @2019/5/29 8:56:10 +00:00
2019-05-29 16:57:10.241 +08:00 [skywalkingstarting] [Information] SkyApm.Service.PingService : Ping server @2019/5/29 8:57:10 +00:00
2019-05-29 16:58:10.225 +08:00 [skywalkingstarting] [Information] SkyApm.Service.PingService : Ping server @2019/5/29 8:58:10 +00:00
2019-05-29 16:59:10.222 +08:00 [skywalkingstarting] [Information] SkyApm.Service.PingService : Ping server @2019/5/29 8:59:10 +00:00
2019-05-29 17:00:10.215 +08:00 [skywalkingstarting] [Information] SkyApm.Service.PingService : Ping server @2019/5/29 9:00:10 +00:00
2019-05-29 17:01:10.211 +08:00 [skywalkingstarting] [Information] SkyApm.Service.PingService : Ping server @2019/5/29 9:01:10 +00:00
2019-05-29 17:02:10.232 +08:00 [skywalkingstarting] [Information] SkyApm.Service.PingService : Ping server @2019/5/29 9:02:10 +00:00
2019-05-29 17:03:10.253 +08:00 [skywalkingstarting] [Information] SkyApm.Service.PingService : Ping server @2019/5/29 9:03:10 +00:00
2019-05-29 17:04:10.243 +08:00 [skywalkingstarting] [Information] SkyApm.Service.PingService : Ping server @2019/5/29 9:04:10 +00:00
2019-05-29 17:05:10.217 +08:00 [skywalkingstarting] [Information] SkyApm.Service.PingService : Ping server @2019/5/29 9:05:10 +00:00
2019-05-29 17:06:10.260 +08:00 [skywalkingstarting] [Information] SkyApm.Service.PingService : Ping server @2019/5/29 9:06:10 +00:00
2019-05-29 17:07:10.221 +08:00 [skywalkingstarting] [Information] SkyApm.Service.PingService : Ping server @2019/5/29 9:07:10 +00:00
2019-05-29 17:08:10.221 +08:00 [skywalkingstarting] [Information] SkyApm.Service.PingService : Ping server @2019/5/29 9:08:10 +00:00
2019-05-29 17:09:10.215 +08:00 [skywalkingstarting] [Information] SkyApm.Service.PingService : Ping server @2019/5/29 9:09:10 +00:00
2019-05-29 17:10:10.222 +08:00 [skywalkingstarting] [Information] SkyApm.Service.PingService : Ping server @2019/5/29 9:10:10 +00:00
2019-05-29 17:11:10.220 +08:00 [skywalkingstarting] [Information] SkyApm.Service.PingService : Ping server @2019/5/29 9:11:10 +00:00
2019-05-29 17:12:10.216 +08:00 [skywalkingstarting] [Information] SkyApm.Service.PingService : Ping server @2019/5/29 9:12:10 +00:00
2019-05-29 17:13:10.276 +08:00 [skywalkingstarting] [Information] SkyApm.Service.PingService : Ping server @2019/5/29 9:13:10 +00:00
2019-05-29 17:14:10.217 +08:00 [skywalkingstarting] [Information] SkyApm.Service.PingService : Ping server @2019/5/29 9:14:10 +00:00
2019-05-29 17:15:10.213 +08:00 [skywalkingstarting] [Information] SkyApm.Service.PingService : Ping server @2019/5/29 9:15:10 +00:00
2019-05-29 17:16:10.235 +08:00 [skywalkingstarting] [Information] SkyApm.Service.PingService : Ping server @2019/5/29 9:16:10 +00:00
2019-05-29 17:17:10.246 +08:00 [skywalkingstarting] [Information] SkyApm.Service.PingService : Ping server @2019/5/29 9:17:10 +00:00
2019-05-29 17:18:10.221 +08:00 [skywalkingstarting] [Information] SkyApm.Service.PingService : Ping server @2019/5/29 9:18:10 +00:00
2019-05-29 17:19:10.234 +08:00 [skywalkingstarting] [Information] SkyApm.Service.PingService : Ping server @2019/5/29 9:19:10 +00:00
2019-05-29 17:20:10.218 +08:00 [skywalkingstarting] [Information] SkyApm.Service.PingService : Ping server @2019/5/29 9:20:10 +00:00
2019-05-29 17:21:10.230 +08:00 [skywalkingstarting] [Information] SkyApm.Service.PingService : Ping server @2019/5/29 9:21:10 +00:00
2019-05-29 17:22:10.222 +08:00 [skywalkingstarting] [Information] SkyApm.Service.PingService : Ping server @2019/5/29 9:22:10 +00:00
2019-05-29 17:23:10.228 +08:00 [skywalkingstarting] [Information] SkyApm.Service.PingService : Ping server @2019/5/29 9:23:10 +00:00
2019-05-29 17:24:10.220 +08:00 [skywalkingstarting] [Information] SkyApm.Service.PingService : Ping server @2019/5/29 9:24:10 +00:00
2019-05-29 17:25:10.209 +08:00 [skywalkingstarting] [Information] SkyApm.Service.PingService : Ping server @2019/5/29 9:25:10 +00:00
2019-05-29 17:26:10.223 +08:00 [skywalkingstarting] [Information] SkyApm.Service.PingService : Ping server @2019/5/29 9:26:10 +00:00
2019-05-29 17:27:10.238 +08:00 [skywalkingstarting] [Information] SkyApm.Service.PingService : Ping server @2019/5/29 9:27:10 +00:00
2019-05-29 17:28:10.239 +08:00 [skywalkingstarting] [Information] SkyApm.Service.PingService : Ping server @2019/5/29 9:28:10 +00:00
2019-05-29 17:29:10.229 +08:00 [skywalkingstarting] [Information] SkyApm.Service.PingService : Ping server @2019/5/29 9:29:10 +00:00
2019-05-29 17:30:10.234 +08:00 [skywalkingstarting] [Information] SkyApm.Service.PingService : Ping server @2019/5/29 9:30:10 +00:00
2019-05-29 17:31:10.225 +08:00 [skywalkingstarting] [Information] SkyApm.Service.PingService : Ping server @2019/5/29 9:31:10 +00:00
2019-05-29 17:32:10.220 +08:00 [skywalkingstarting] [Information] SkyApm.Service.PingService : Ping server @2019/5/29 9:32:10 +00:00
2019-05-29 17:33:10.222 +08:00 [skywalkingstarting] [Information] SkyApm.Service.PingService : Ping server @2019/5/29 9:33:10 +00:00
2019-05-29 17:34:10.243 +08:00 [skywalkingstarting] [Information] SkyApm.Service.PingService : Ping server @2019/5/29 9:34:10 +00:00
2019-05-29 17:35:10.236 +08:00 [skywalkingstarting] [Information] SkyApm.Service.PingService : Ping server @2019/5/29 9:35:10 +00:00
2019-05-29 17:36:10.225 +08:00 [skywalkingstarting] [Information] SkyApm.Service.PingService : Ping server @2019/5/29 9:36:10 +00:00
2019-05-29 17:37:10.218 +08:00 [skywalkingstarting] [Information] SkyApm.Service.PingService : Ping server @2019/5/29 9:37:10 +00:00
2019-05-29 17:38:10.224 +08:00 [skywalkingstarting] [Information] SkyApm.Service.PingService : Ping server @2019/5/29 9:38:10 +00:00
2019-05-29 17:39:10.224 +08:00 [skywalkingstarting] [Information] SkyApm.Service.PingService : Ping server @2019/5/29 9:39:10 +00:00
2019-05-29 17:40:10.231 +08:00 [skywalkingstarting] [Information] SkyApm.Service.PingService : Ping server @2019/5/29 9:40:10 +00:00
2019-05-29 17:41:10.221 +08:00 [skywalkingstarting] [Information] SkyApm.Service.PingService : Ping server @2019/5/29 9:41:10 +00:00
2019-05-29 17:42:10.221 +08:00 [skywalkingstarting] [Information] SkyApm.Service.PingService : Ping server @2019/5/29 9:42:10 +00:00
2019-05-29 17:43:10.231 +08:00 [skywalkingstarting] [Information] SkyApm.Service.PingService : Ping server @2019/5/29 9:43:10 +00:00
2019-05-29 17:44:10.233 +08:00 [skywalkingstarting] [Information] SkyApm.Service.PingService : Ping server @2019/5/29 9:44:10 +00:00
2019-05-29 17:45:10.219 +08:00 [skywalkingstarting] [Information] SkyApm.Service.PingService : Ping server @2019/5/29 9:45:10 +00:00
2019-05-29 17:46:10.232 +08:00 [skywalkingstarting] [Information] SkyApm.Service.PingService : Ping server @2019/5/29 9:46:10 +00:00
2019-05-29 17:47:10.229 +08:00 [skywalkingstarting] [Information] SkyApm.Service.PingService : Ping server @2019/5/29 9:47:10 +00:00
2019-05-29 17:48:10.216 +08:00 [skywalkingstarting] [Information] SkyApm.Service.PingService : Ping server @2019/5/29 9:48:10 +00:00
2019-05-29 17:49:10.237 +08:00 [skywalkingstarting] [Information] SkyApm.Service.PingService : Ping server @2019/5/29 9:49:10 +00:00
2019-05-29 17:50:10.257 +08:00 [skywalkingstarting] [Information] SkyApm.Service.PingService : Ping server @2019/5/29 9:50:10 +00:00
2019-05-29 17:51:10.220 +08:00 [skywalkingstarting] [Information] SkyApm.Service.PingService : Ping server @2019/5/29 9:51:10 +00:00
2019-05-29 17:52:10.259 +08:00 [skywalkingstarting] [Information] SkyApm.Service.PingService : Ping server @2019/5/29 9:52:10 +00:00
2019-05-29 17:53:10.236 +08:00 [skywalkingstarting] [Information] SkyApm.Service.PingService : Ping server @2019/5/29 9:53:10 +00:00
2019-05-29 17:54:10.227 +08:00 [skywalkingstarting] [Information] SkyApm.Service.PingService : Ping server @2019/5/29 9:54:10 +00:00
2019-05-29 17:55:10.212 +08:00 [skywalkingstarting] [Information] SkyApm.Service.PingService : Ping server @2019/5/29 9:55:10 +00:00
2019-05-29 17:56:10.249 +08:00 [skywalkingstarting] [Information] SkyApm.Service.PingService : Ping server @2019/5/29 9:56:10 +00:00
2019-05-29 17:57:10.239 +08:00 [skywalkingstarting] [Information] SkyApm.Service.PingService : Ping server @2019/5/29 9:57:10 +00:00
2019-05-29 17:58:10.230 +08:00 [skywalkingstarting] [Information] SkyApm.Service.PingService : Ping server @2019/5/29 9:58:10 +00:00
2019-05-29 17:59:10.246 +08:00 [skywalkingstarting] [Information] SkyApm.Service.PingService : Ping server @2019/5/29 9:59:10 +00:00
2019-05-29 17:59:10.246 +08:00 [skywalkingstarting] [Information] SkyApm.Transport.Grpc.V6.SegmentReporter : Report 1 trace segment. cost: 00:00:00.0279954s
2019-05-29 18:00:10.221 +08:00 [skywalkingstarting] [Information] SkyApm.Service.PingService : Ping server @2019/5/29 10:00:10 +00:00
2019-05-29 18:01:10.230 +08:00 [skywalkingstarting] [Information] SkyApm.Service.PingService : Ping server @2019/5/29 10:01:10 +00:00
2019-05-29 18:02:10.216 +08:00 [skywalkingstarting] [Information] SkyApm.Service.PingService : Ping server @2019/5/29 10:02:10 +00:00
2019-05-29 18:03:10.217 +08:00 [skywalkingstarting] [Information] SkyApm.Service.PingService : Ping server @2019/5/29 10:03:10 +00:00
2019-05-29 18:04:10.222 +08:00 [skywalkingstarting] [Information] SkyApm.Service.PingService : Ping server @2019/5/29 10:04:10 +00:00
2019-05-29 18:05:10.236 +08:00 [skywalkingstarting] [Information] SkyApm.Service.PingService : Ping server @2019/5/29 10:05:10 +00:00
2019-05-29 18:06:10.241 +08:00 [skywalkingstarting] [Information] SkyApm.Service.PingService : Ping server @2019/5/29 10:06:10 +00:00
2019-05-29 18:07:10.245 +08:00 [skywalkingstarting] [Information] SkyApm.Service.PingService : Ping server @2019/5/29 10:07:10 +00:00
2019-05-29 18:08:10.220 +08:00 [skywalkingstarting] [Information] SkyApm.Service.PingService : Ping server @2019/5/29 10:08:10 +00:00
2019-05-29 18:09:10.235 +08:00 [skywalkingstarting] [Information] SkyApm.Service.PingService : Ping server @2019/5/29 10:09:10 +00:00
2019-05-29 18:10:10.234 +08:00 [skywalkingstarting] [Information] SkyApm.Service.PingService : Ping server @2019/5/29 10:10:10 +00:00
2019-05-29 18:11:10.215 +08:00 [skywalkingstarting] [Information] SkyApm.Service.PingService : Ping server @2019/5/29 10:11:10 +00:00
2019-05-29 18:12:10.221 +08:00 [skywalkingstarting] [Information] SkyApm.Service.PingService : Ping server @2019/5/29 10:12:10 +00:00
